#
# There is insufficient memory for the Java Runtime Environment to continue.
# Native memory allocation (malloc) failed to allocate 66656 bytes for Chunk::new
# Possible reasons:
#   The system is out of physical RAM or swap space
#   The process is running with CompressedOops enabled, and the Java Heap may be blocking the growth of the native heap
# Possible solutions:
#   Reduce memory load on the system
#   Increase physical memory or swap space
#   Check if swap backing store is full
#   Decrease Java heap size (-Xmx/-Xms)
#   Decrease number of Java threads
#   Decrease Java thread stack sizes (-Xss)
#   Set larger code cache with -XX:ReservedCodeCacheSize=
#   JVM is running with Zero Based Compressed Oops mode in which the Java heap is
#     placed in the first 32GB address space. The Java Heap base address is the
#     maximum limit for the native heap growth. Please use -XX:HeapBaseMinAddress
#     to set the Java Heap base and to place the Java Heap above 32GB virtual address.
# This output file may be truncated or incomplete.
#
#  Out of Memory Error (t:/workspace/open/src/hotspot/share/memory/arena.cpp:197), pid=8420, tid=4400
#
# JRE version: Java(TM) SE Runtime Environment (12.0.2+10) (build 12.0.2+10)
# Java VM: Java HotSpot(TM) 64-Bit Server VM (12.0.2+10, mixed mode, sharing, tiered, compressed oops, g1 gc, windows-amd64)
# No core dump will be written. Minidumps are not enabled by default on client versions of Windows
#

---------------  S U M M A R Y ------------

Command Line: -Dfile.encoding=UTF-8 com.example.demo.ImsApplication

Host: Intel(R) Core(TM) i7-7700HQ CPU @ 2.80GHz, 8 cores, 11G,  Windows 10 , 64 bit Build 17763 (10.0.17763.475)
Time: Fri Nov  8 08:55:49 2019 India Standard Time elapsed time: 1968 seconds (0d 0h 32m 48s)

---------------  T H R E A D  ---------------

Current thread (0x0000026252da6800):  JavaThread "C2 CompilerThread0" daemon [_thread_in_native, id=4400, stack(0x000000da81d00000,0x000000da81e00000)]


Current CompileTask:
C2:1968950 4670       4       java.util.concurrent.locks.AbstractQueuedSynchronizer::enq (37 bytes)

Stack: [0x000000da81d00000,0x000000da81e00000]
Native frames: (J=compiled Java code, j=interpreted, Vv=VM code, C=native code)
V  [jvm.dll+0x63aa2a]
V  [jvm.dll+0x78ce1e]
V  [jvm.dll+0x78e4c1]
V  [jvm.dll+0x78eb13]
V  [jvm.dll+0x2627e8]
V  [jvm.dll+0xc55cc]
V  [jvm.dll+0xc5b4c]
V  [jvm.dll+0x2d4034]
V  [jvm.dll+0x5569ad]
V  [jvm.dll+0x21dc55]
V  [jvm.dll+0x21b2b6]
V  [jvm.dll+0x199a20]
V  [jvm.dll+0x22a744]
V  [jvm.dll+0x228d98]
V  [jvm.dll+0x7512a0]
V  [jvm.dll+0x74a2c8]
V  [jvm.dll+0x639b16]
C  [ucrtbase.dll+0x21ffa]
C  [KERNEL32.DLL+0x17974]
C  [ntdll.dll+0x6a271]


---------------  P R O C E S S  ---------------

Threads class SMR info:
_java_thread_list=0x0000026253975f40, length=29, elements={
0x0000026252d87000, 0x0000026252d88800, 0x0000026252da2800, 0x0000026252da4800,
0x0000026252da6800, 0x0000026252dad800, 0x0000026252dbb800, 0x0000026252ee4000,
0x0000026252ef3000, 0x0000026257fbc800, 0x0000026256fe8800, 0x0000026255eb2800,
0x000002625610b000, 0x0000026256312800, 0x0000026255d4f800, 0x0000026256375800,
0x00000262568ff000, 0x00000262580ec800, 0x00000262575ac000, 0x00000262575ad000,
0x00000262575aa800, 0x00000262575ad800, 0x00000262575ab000, 0x00000262575ae800,
0x00000262575af800, 0x00000262575a9800, 0x00000262575b0000, 0x00000262543ff000,
0x00000262543f9000
}

Java Threads: ( => current thread )
  0x0000026252d87000 JavaThread "Reference Handler" daemon [_thread_blocked, id=2832, stack(0x000000da81900000,0x000000da81a00000)]
  0x0000026252d88800 JavaThread "Finalizer" daemon [_thread_blocked, id=8020, stack(0x000000da81a00000,0x000000da81b00000)]
  0x0000026252da2800 JavaThread "Signal Dispatcher" daemon [_thread_blocked, id=10212, stack(0x000000da81b00000,0x000000da81c00000)]
  0x0000026252da4800 JavaThread "Attach Listener" daemon [_thread_blocked, id=18036, stack(0x000000da81c00000,0x000000da81d00000)]
=>0x0000026252da6800 JavaThread "C2 CompilerThread0" daemon [_thread_in_native, id=4400, stack(0x000000da81d00000,0x000000da81e00000)]
  0x0000026252dad800 JavaThread "C1 CompilerThread0" daemon [_thread_blocked, id=13704, stack(0x000000da81e00000,0x000000da81f00000)]
  0x0000026252dbb800 JavaThread "Sweeper thread" daemon [_thread_blocked, id=16740, stack(0x000000da81f00000,0x000000da82000000)]
  0x0000026252ee4000 JavaThread "Service Thread" daemon [_thread_blocked, id=2892, stack(0x000000da82000000,0x000000da82100000)]
  0x0000026252ef3000 JavaThread "Common-Cleaner" daemon [_thread_blocked, id=8108, stack(0x000000da82200000,0x000000da82300000)]
  0x0000026257fbc800 JavaThread "Catalina-utility-1" [_thread_blocked, id=8588, stack(0x000000da82900000,0x000000da82a00000)]
  0x0000026256fe8800 JavaThread "Catalina-utility-2" [_thread_blocked, id=1320, stack(0x000000da82a00000,0x000000da82b00000)]
  0x0000026255eb2800 JavaThread "container-0" [_thread_blocked, id=14780, stack(0x000000da82b00000,0x000000da82c00000)]
  0x000002625610b000 JavaThread "http-nio-8080-BlockPoller" daemon [_thread_in_native, id=14196, stack(0x000000da83000000,0x000000da83100000)]
  0x0000026256312800 JavaThread "http-nio-8080-exec-1" daemon [_thread_blocked, id=17168, stack(0x000000da83100000,0x000000da83200000)]
  0x0000026255d4f800 JavaThread "http-nio-8080-exec-2" daemon [_thread_blocked, id=17676, stack(0x000000da83200000,0x000000da83300000)]
  0x0000026256375800 JavaThread "http-nio-8080-exec-3" daemon [_thread_blocked, id=7800, stack(0x000000da83300000,0x000000da83400000)]
  0x00000262568ff000 JavaThread "http-nio-8080-exec-4" daemon [_thread_blocked, id=17636, stack(0x000000da83400000,0x000000da83500000)]
  0x00000262580ec800 JavaThread "http-nio-8080-exec-5" daemon [_thread_blocked, id=3144, stack(0x000000da83500000,0x000000da83600000)]
  0x00000262575ac000 JavaThread "http-nio-8080-exec-6" daemon [_thread_blocked, id=12456, stack(0x000000da83600000,0x000000da83700000)]
  0x00000262575ad000 JavaThread "http-nio-8080-exec-7" daemon [_thread_blocked, id=5324, stack(0x000000da83700000,0x000000da83800000)]
  0x00000262575aa800 JavaThread "http-nio-8080-exec-8" daemon [_thread_blocked, id=17624, stack(0x000000da83800000,0x000000da83900000)]
  0x00000262575ad800 JavaThread "http-nio-8080-exec-9" daemon [_thread_blocked, id=3756, stack(0x000000da83900000,0x000000da83a00000)]
  0x00000262575ab000 JavaThread "http-nio-8080-exec-10" daemon [_thread_blocked, id=11392, stack(0x000000da83a00000,0x000000da83b00000)]
  0x00000262575ae800 JavaThread "http-nio-8080-ClientPoller" daemon [_thread_in_native, id=16048, stack(0x000000da83b00000,0x000000da83c00000)]
  0x00000262575af800 JavaThread "http-nio-8080-Acceptor" daemon [_thread_in_native, id=15756, stack(0x000000da83c00000,0x000000da83d00000)]
  0x00000262575a9800 JavaThread "DestroyJavaVM" [_thread_blocked, id=10236, stack(0x000000da81200000,0x000000da81300000)]
  0x00000262575b0000 JavaThread "Timer-0" daemon [_thread_blocked, id=3832, stack(0x000000da83d00000,0x000000da83e00000)]
  0x00000262543ff000 JavaThread "oracle.jdbc.driver.BlockSource.ThreadedCachingBlockSource.BlockReleaser" daemon [_thread_blocked, id=17424, stack(0x000000da83e00000,0x000000da83f00000)]
  0x00000262543f9000 JavaThread "InterruptTimer" daemon [_thread_blocked, id=17836, stack(0x000000da82300000,0x000000da82400000)]

Other Threads:
  0x0000026252d83800 VMThread "VM Thread" [stack: 0x000000da81800000,0x000000da81900000] [id=4488]
  0x0000026252eea800 WatcherThread [stack: 0x000000da82100000,0x000000da82200000] [id=12204]
  0x000002622f311000 GCTaskThread "GC Thread#0" [stack: 0x000000da81300000,0x000000da81400000] [id=14360]
  0x0000026253c45000 GCTaskThread "GC Thread#1" [stack: 0x000000da82500000,0x000000da82600000] [id=14276]
  0x0000026253c43800 GCTaskThread "GC Thread#2" [stack: 0x000000da82600000,0x000000da82700000] [id=14388]
  0x0000026253c48800 GCTaskThread "GC Thread#3" [stack: 0x000000da82700000,0x000000da82800000] [id=11696]
  0x0000026253c49800 GCTaskThread "GC Thread#4" [stack: 0x000000da82c00000,0x000000da82d00000] [id=5808]
  0x0000026253c4a000 GCTaskThread "GC Thread#5" [stack: 0x000000da82d00000,0x000000da82e00000] [id=13880]
  0x0000026253c46000 GCTaskThread "GC Thread#6" [stack: 0x000000da82e00000,0x000000da82f00000] [id=16256]
  0x0000026253c46800 GCTaskThread "GC Thread#7" [stack: 0x000000da82f00000,0x000000da83000000] [id=13620]
  0x000002622f326800 ConcurrentGCThread "G1 Main Marker" [stack: 0x000000da81400000,0x000000da81500000] [id=8548]
  0x000002622f330000 ConcurrentGCThread "G1 Conc#0" [stack: 0x000000da81500000,0x000000da81600000] [id=12992]
  0x0000026253c48000 ConcurrentGCThread "G1 Conc#1" [stack: 0x000000da82400000,0x000000da82500000] [id=5868]
  0x00000262523ff000 ConcurrentGCThread "G1 Refine#0" [stack: 0x000000da81600000,0x000000da81700000] [id=8240]
  0x0000026252400000 ConcurrentGCThread "G1 Young RemSet Sampling" [stack: 0x000000da81700000,0x000000da81800000] [id=8312]

Threads with active compile tasks:
C2 CompilerThread0  4670       4       java.util.concurrent.locks.AbstractQueuedSynchronizer::enq (37 bytes)

VM state:not at safepoint (normal execution)

VM Mutex/Monitor currently owned by a thread: None

Heap address: 0x0000000741e00000, size: 3042 MB, Compressed Oops mode: Zero based, Oop shift amount: 3
Narrow klass base: 0x0000000800000000, Narrow klass shift: 3
Compressed class space size: 1073741824 Address: 0x0000000801190000

Heap:
 garbage-first heap   total 65536K, used 44624K [0x0000000741e00000, 0x0000000800000000)
  region size 1024K, 35 young (35840K), 6 survivors (6144K)
 Metaspace       used 43255K, capacity 44139K, committed 44336K, reserved 1087488K
  class space    used 5347K, capacity 5709K, committed 5760K, reserved 1048576K
Heap Regions: E=young(eden), S=young(survivor), O=old, HS=humongous(starts), HC=humongous(continues), CS=collection set, F=free, A=archive, TAMS=top-at-mark-start (previous, next)
|   0|0x0000000741e00000, 0x0000000741f00000, 0x0000000741f00000|100%| O|  |TAMS 0x0000000741f00000, 0x0000000741e00000| Untracked 
|   1|0x0000000741f00000, 0x0000000741f6e000, 0x0000000742000000| 42%| O|  |TAMS 0x0000000741f6e000, 0x0000000741f00000| Untracked 
|   2|0x0000000742000000, 0x0000000742100000, 0x0000000742100000|100%| O|  |TAMS 0x0000000742100000, 0x0000000742000000| Untracked 
|   3|0x0000000742100000, 0x0000000742200000, 0x0000000742200000|100%| O|  |TAMS 0x0000000742200000, 0x0000000742100000| Untracked 
|   4|0x0000000742200000, 0x0000000742300000, 0x0000000742300000|100%| O|  |TAMS 0x0000000742300000, 0x0000000742200000| Untracked 
|   5|0x0000000742300000, 0x0000000742400000, 0x0000000742400000|100%| O|  |TAMS 0x0000000742400000, 0x0000000742300000| Untracked 
|   6|0x0000000742400000, 0x0000000742500000, 0x0000000742500000|100%| O|  |TAMS 0x0000000742500000, 0x0000000742400000| Untracked 
|   7|0x0000000742500000, 0x0000000742600000, 0x0000000742600000|100%| O|  |TAMS 0x0000000742600000, 0x0000000742500000| Untracked 
|   8|0x0000000742600000, 0x0000000742700000, 0x0000000742700000|100%| O|  |TAMS 0x0000000742700000, 0x0000000742600000| Untracked 
|   9|0x0000000742700000, 0x0000000742800000, 0x0000000742800000|100%| O|  |TAMS 0x0000000742800000, 0x0000000742700000| Untracked 
|  10|0x0000000742800000, 0x0000000742900000, 0x0000000742900000|100%| O|  |TAMS 0x0000000742900000, 0x0000000742800000| Untracked 
|  11|0x0000000742900000, 0x0000000742942200, 0x0000000742a00000| 25%| O|  |TAMS 0x0000000742942200, 0x0000000742900000| Untracked 
|  12|0x0000000742a00000, 0x0000000742a00000, 0x0000000742b00000|  0%| F|  |TAMS 0x0000000742a00000, 0x0000000742a00000| Untracked 
|  13|0x0000000742b00000, 0x0000000742b00000, 0x0000000742c00000|  0%| F|  |TAMS 0x0000000742b00000, 0x0000000742b00000| Untracked 
|  14|0x0000000742c00000, 0x0000000742c00000, 0x0000000742d00000|  0%| F|  |TAMS 0x0000000742c00000, 0x0000000742c00000| Untracked 
|  15|0x0000000742d00000, 0x0000000742d00000, 0x0000000742e00000|  0%| F|  |TAMS 0x0000000742d00000, 0x0000000742d00000| Untracked 
|  16|0x0000000742e00000, 0x0000000742e00000, 0x0000000742f00000|  0%| F|  |TAMS 0x0000000742e00000, 0x0000000742e00000| Untracked 
|  17|0x0000000742f00000, 0x0000000742f00000, 0x0000000743000000|  0%| F|  |TAMS 0x0000000742f00000, 0x0000000742f00000| Untracked 
|  18|0x0000000743000000, 0x0000000743000000, 0x0000000743100000|  0%| F|  |TAMS 0x0000000743000000, 0x0000000743000000| Untracked 
|  19|0x0000000743100000, 0x0000000743100000, 0x0000000743200000|  0%| F|  |TAMS 0x0000000743100000, 0x0000000743100000| Untracked 
|  20|0x0000000743200000, 0x0000000743200000, 0x0000000743300000|  0%| F|  |TAMS 0x0000000743200000, 0x0000000743200000| Untracked 
|  21|0x0000000743300000, 0x0000000743300000, 0x0000000743400000|  0%| F|  |TAMS 0x0000000743300000, 0x0000000743300000| Untracked 
|  22|0x0000000743400000, 0x0000000743400000, 0x0000000743500000|  0%| F|  |TAMS 0x0000000743400000, 0x0000000743400000| Untracked 
|  23|0x0000000743500000, 0x0000000743500000, 0x0000000743600000|  0%| F|  |TAMS 0x0000000743500000, 0x0000000743500000| Untracked 
|  24|0x0000000743600000, 0x0000000743600000, 0x0000000743700000|  0%| F|  |TAMS 0x0000000743600000, 0x0000000743600000| Untracked 
|  25|0x0000000743700000, 0x0000000743700000, 0x0000000743800000|  0%| F|  |TAMS 0x0000000743700000, 0x0000000743700000| Untracked 
|  26|0x0000000743800000, 0x0000000743800000, 0x0000000743900000|  0%| F|  |TAMS 0x0000000743800000, 0x0000000743800000| Untracked 
|  27|0x0000000743900000, 0x0000000743900000, 0x0000000743a00000|  0%| F|  |TAMS 0x0000000743900000, 0x0000000743900000| Untracked 
|  28|0x0000000743a00000, 0x0000000743a00000, 0x0000000743b00000|  0%| F|  |TAMS 0x0000000743a00000, 0x0000000743a00000| Untracked 
|  29|0x0000000743b00000, 0x0000000743b58278, 0x0000000743c00000| 34%| E|  |TAMS 0x0000000743b00000, 0x0000000743b00000| Complete 
|  30|0x0000000743c00000, 0x0000000743d00000, 0x0000000743d00000|100%| E|CS|TAMS 0x0000000743c00000, 0x0000000743c00000| Complete 
|  31|0x0000000743d00000, 0x0000000743e00000, 0x0000000743e00000|100%| E|CS|TAMS 0x0000000743d00000, 0x0000000743d00000| Complete 
|  32|0x0000000743e00000, 0x0000000743f00000, 0x0000000743f00000|100%| E|CS|TAMS 0x0000000743e00000, 0x0000000743e00000| Complete 
|  33|0x0000000743f00000, 0x0000000744000000, 0x0000000744000000|100%| E|CS|TAMS 0x0000000743f00000, 0x0000000743f00000| Complete 
|  34|0x0000000744000000, 0x0000000744100000, 0x0000000744100000|100%| E|  |TAMS 0x0000000744000000, 0x0000000744000000| Complete 
|  35|0x0000000744100000, 0x0000000744200000, 0x0000000744200000|100%| E|CS|TAMS 0x0000000744100000, 0x0000000744100000| Complete 
|  36|0x0000000744200000, 0x0000000744300000, 0x0000000744300000|100%| E|CS|TAMS 0x0000000744200000, 0x0000000744200000| Complete 
|  37|0x0000000744300000, 0x0000000744400000, 0x0000000744400000|100%| E|CS|TAMS 0x0000000744300000, 0x0000000744300000| Complete 
|  38|0x0000000744400000, 0x0000000744500000, 0x0000000744500000|100%| E|CS|TAMS 0x0000000744400000, 0x0000000744400000| Complete 
|  39|0x0000000744500000, 0x0000000744600000, 0x0000000744600000|100%| E|CS|TAMS 0x0000000744500000, 0x0000000744500000| Complete 
|  40|0x0000000744600000, 0x0000000744700000, 0x0000000744700000|100%| E|CS|TAMS 0x0000000744600000, 0x0000000744600000| Complete 
|  41|0x0000000744700000, 0x0000000744800000, 0x0000000744800000|100%| E|CS|TAMS 0x0000000744700000, 0x0000000744700000| Complete 
|  42|0x0000000744800000, 0x0000000744900000, 0x0000000744900000|100%| E|CS|TAMS 0x0000000744800000, 0x0000000744800000| Complete 
|  43|0x0000000744900000, 0x0000000744a00000, 0x0000000744a00000|100%| E|CS|TAMS 0x0000000744900000, 0x0000000744900000| Complete 
|  44|0x0000000744a00000, 0x0000000744b00000, 0x0000000744b00000|100%| E|CS|TAMS 0x0000000744a00000, 0x0000000744a00000| Complete 
|  45|0x0000000744b00000, 0x0000000744c00000, 0x0000000744c00000|100%| E|CS|TAMS 0x0000000744b00000, 0x0000000744b00000| Complete 
|  46|0x0000000744c00000, 0x0000000744d00000, 0x0000000744d00000|100%| E|CS|TAMS 0x0000000744c00000, 0x0000000744c00000| Complete 
|  47|0x0000000744d00000, 0x0000000744e00000, 0x0000000744e00000|100%| E|CS|TAMS 0x0000000744d00000, 0x0000000744d00000| Complete 
|  48|0x0000000744e00000, 0x0000000744f00000, 0x0000000744f00000|100%| E|CS|TAMS 0x0000000744e00000, 0x0000000744e00000| Complete 
|  49|0x0000000744f00000, 0x0000000745000000, 0x0000000745000000|100%| E|CS|TAMS 0x0000000744f00000, 0x0000000744f00000| Complete 
|  50|0x0000000745000000, 0x0000000745100000, 0x0000000745100000|100%| E|CS|TAMS 0x0000000745000000, 0x0000000745000000| Complete 
|  51|0x0000000745100000, 0x0000000745200000, 0x0000000745200000|100%| E|CS|TAMS 0x0000000745100000, 0x0000000745100000| Complete 
|  52|0x0000000745200000, 0x0000000745300000, 0x0000000745300000|100%| E|CS|TAMS 0x0000000745200000, 0x0000000745200000| Complete 
|  53|0x0000000745300000, 0x0000000745400000, 0x0000000745400000|100%| E|CS|TAMS 0x0000000745300000, 0x0000000745300000| Complete 
|  54|0x0000000745400000, 0x0000000745500000, 0x0000000745500000|100%| E|CS|TAMS 0x0000000745400000, 0x0000000745400000| Complete 
|  55|0x0000000745500000, 0x0000000745600000, 0x0000000745600000|100%| E|CS|TAMS 0x0000000745500000, 0x0000000745500000| Complete 
|  56|0x0000000745600000, 0x0000000745700000, 0x0000000745700000|100%| E|CS|TAMS 0x0000000745600000, 0x0000000745600000| Complete 
|  71|0x0000000746500000, 0x00000007465e3f00, 0x0000000746600000| 89%| S|CS|TAMS 0x0000000746500000, 0x0000000746500000| Complete 
|  72|0x0000000746600000, 0x0000000746700000, 0x0000000746700000|100%| S|CS|TAMS 0x0000000746600000, 0x0000000746600000| Complete 
|  73|0x0000000746700000, 0x0000000746800000, 0x0000000746800000|100%| S|CS|TAMS 0x0000000746700000, 0x0000000746700000| Complete 
|  74|0x0000000746800000, 0x0000000746900000, 0x0000000746900000|100%| S|CS|TAMS 0x0000000746800000, 0x0000000746800000| Complete 
|  75|0x0000000746900000, 0x0000000746a00000, 0x0000000746a00000|100%| S|CS|TAMS 0x0000000746900000, 0x0000000746900000| Complete 
|  76|0x0000000746a00000, 0x0000000746b00000, 0x0000000746b00000|100%| S|CS|TAMS 0x0000000746a00000, 0x0000000746a00000| Complete 
| 191|0x000000074dd00000, 0x000000074de00000, 0x000000074de00000|100%| E|CS|TAMS 0x000000074dd00000, 0x000000074dd00000| Complete 

Card table byte_map: [0x0000026248f00000,0x0000026249500000] _byte_map_base: 0x00000262454f1000

Marking Bits (Prev, Next): (CMBitMap*) 0x000002622f3131b8, (CMBitMap*) 0x000002622f3131f8
 Prev Bits: [0x0000026249b00000, 0x000002624ca88000)
 Next Bits: [0x000002624ca90000, 0x000002624fa18000)

Polling page: 0x000002622f390000

Metaspace:

Usage:
  Non-class:     37.53 MB capacity,    37.02 MB ( 99%) used,   404.02 KB (  1%) free+waste,   118.50 KB ( <1%) overhead. 
      Class:      5.58 MB capacity,     5.22 MB ( 94%) used,   306.05 KB (  5%) free+waste,    55.06 KB ( <1%) overhead. 
       Both:     43.10 MB capacity,    42.24 MB ( 98%) used,   710.08 KB (  2%) free+waste,   173.56 KB ( <1%) overhead. 

Virtual space:
  Non-class space:       38.00 MB reserved,      37.67 MB (>99%) committed 
      Class space:        1.00 GB reserved,       5.63 MB ( <1%) committed 
             Both:        1.04 GB reserved,      43.30 MB (  4%) committed 

Chunk freelists:
   Non-Class:  2.25 KB
       Class:  2.38 KB
        Both:  4.63 KB

CodeHeap 'non-profiled nmethods': size=120000Kb used=2223Kb max_used=2554Kb free=117776Kb
 bounds [0x0000026240960000, 0x0000026240be0000, 0x0000026247e90000]
CodeHeap 'profiled nmethods': size=120000Kb used=8775Kb max_used=10132Kb free=111225Kb
 bounds [0x0000026239430000, 0x0000026239e20000, 0x0000026240960000]
CodeHeap 'non-nmethods': size=5760Kb used=1245Kb max_used=1293Kb free=4514Kb
 bounds [0x0000026238e90000, 0x0000026239100000, 0x0000026239430000]
 total_blobs=6449 nmethods=3888 adapters=509
 compilation: enabled
              stopped_count=0, restarted_count=0
 full_count=0

Compilation events (10 events):
Event: 1924.424 Thread 0x0000026252dad800 nmethod 4663 0x00000262394c8590 code [0x00000262394c8740, 0x00000262394c88d8]
Event: 1924.424 Thread 0x0000026252dad800 4665       3       java.nio.charset.CharsetEncoder::reset (11 bytes)
Event: 1924.425 Thread 0x0000026252dad800 nmethod 4665 0x00000262394c8010 code [0x00000262394c81c0, 0x00000262394c8438]
Event: 1924.425 Thread 0x0000026252dad800 4667       3       org.apache.tomcat.util.http.MimeHeaderField::recycle (15 bytes)
Event: 1924.425 Thread 0x0000026252dad800 nmethod 4667 0x00000262394d4610 code [0x00000262394d47e0, 0x00000262394d4a00]
Event: 1928.283 Thread 0x0000026252dad800 4668       3       sun.nio.ch.SelectionKeyImpl::ensureValid (16 bytes)
Event: 1928.284 Thread 0x0000026252dad800 nmethod 4668 0x00000262394d7f10 code [0x00000262394d80e0, 0x00000262394d8390]
Event: 1929.024 Thread 0x0000026252dad800 4669       1       sun.nio.ch.SocketChannelImpl::getFDVal (5 bytes)
Event: 1929.024 Thread 0x0000026252dad800 nmethod 4669 0x0000026240a33b90 code [0x0000026240a33d40, 0x0000026240a33e78]
Event: 1968.941 Thread 0x0000026252da6800 4670       4       java.util.concurrent.locks.AbstractQueuedSynchronizer::enq (37 bytes)

GC Heap History (10 events):
Event: 1.462 GC heap before
{Heap before GC invocations=3 (full 0):
 garbage-first heap   total 37888K, used 23228K [0x0000000741e00000, 0x0000000800000000)
  region size 1024K, 22 young (22528K), 8 survivors (8192K)
 Metaspace       used 22356K, capacity 23010K, committed 23216K, reserved 1069056K
  class space    used 2820K, capacity 3072K, committed 3072K, reserved 1048576K
}
Event: 1.471 GC heap after
{Heap after GC invocations=4 (full 0):
 garbage-first heap   total 37888K, used 10066K [0x0000000741e00000, 0x0000000800000000)
  region size 1024K, 2 young (2048K), 2 survivors (2048K)
 Metaspace       used 22356K, capacity 23010K, committed 23216K, reserved 1069056K
  class space    used 2820K, capacity 3072K, committed 3072K, reserved 1048576K
}
Event: 2.246 GC heap before
{Heap before GC invocations=4 (full 0):
 garbage-first heap   total 37888K, used 25426K [0x0000000741e00000, 0x0000000800000000)
  region size 1024K, 17 young (17408K), 2 survivors (2048K)
 Metaspace       used 24897K, capacity 25678K, committed 25904K, reserved 1071104K
  class space    used 3140K, capacity 3450K, committed 3456K, reserved 1048576K
}
Event: 2.249 GC heap after
{Heap after GC invocations=5 (full 0):
 garbage-first heap   total 37888K, used 10943K [0x0000000741e00000, 0x0000000800000000)
  region size 1024K, 3 young (3072K), 3 survivors (3072K)
 Metaspace       used 24897K, capacity 25678K, committed 25904K, reserved 1071104K
  class space    used 3140K, capacity 3450K, committed 3456K, reserved 1048576K
}
Event: 2.477 GC heap before
{Heap before GC invocations=5 (full 0):
 garbage-first heap   total 37888K, used 26303K [0x0000000741e00000, 0x0000000800000000)
  region size 1024K, 18 young (18432K), 3 survivors (3072K)
 Metaspace       used 27515K, capacity 28359K, committed 28592K, reserved 1075200K
  class space    used 3397K, capacity 3721K, committed 3840K, reserved 1048576K
}
Event: 2.483 GC heap after
{Heap after GC invocations=6 (full 0):
 garbage-first heap   total 37888K, used 12521K [0x0000000741e00000, 0x0000000800000000)
  region size 1024K, 3 young (3072K), 3 survivors (3072K)
 Metaspace       used 27515K, capacity 28359K, committed 28592K, reserved 1075200K
  class space    used 3397K, capacity 3721K, committed 3840K, reserved 1048576K
}
Event: 2.707 GC heap before
{Heap before GC invocations=6 (full 0):
 garbage-first heap   total 37888K, used 27881K [0x0000000741e00000, 0x0000000800000000)
  region size 1024K, 18 young (18432K), 3 survivors (3072K)
 Metaspace       used 29006K, capacity 29805K, committed 30000K, reserved 1075200K
  class space    used 3588K, capacity 3920K, committed 3968K, reserved 1048576K
}
Event: 2.711 GC heap after
{Heap after GC invocations=7 (full 0):
 garbage-first heap   total 117760K, used 13853K [0x0000000741e00000, 0x0000000800000000)
  region size 1024K, 3 young (3072K), 3 survivors (3072K)
 Metaspace       used 29006K, capacity 29805K, committed 30000K, reserved 1075200K
  class space    used 3588K, capacity 3920K, committed 3968K, reserved 1048576K
}
Event: 6.527 GC heap before
{Heap before GC invocations=7 (full 0):
 garbage-first heap   total 117760K, used 51741K [0x0000000741e00000, 0x0000000800000000)
  region size 1024K, 41 young (41984K), 3 survivors (3072K)
 Metaspace       used 34939K, capacity 35837K, committed 35888K, reserved 1081344K
  class space    used 4344K, capacity 4712K, committed 4736K, reserved 1048576K
}
Event: 6.534 GC heap after
{Heap after GC invocations=8 (full 0):
 garbage-first heap   total 117760K, used 16976K [0x0000000741e00000, 0x0000000800000000)
  region size 1024K, 6 young (6144K), 6 survivors (6144K)
 Metaspace       used 34939K, capacity 35837K, committed 35888K, reserved 1081344K
  class space    used 4344K, capacity 4712K, committed 4736K, reserved 1048576K
}

Deoptimization events (10 events):
Event: 379.566 Thread 0x0000026256375800 Uncommon trap: reason=unstable_if action=reinterpret pc=0x0000026240abd6e0 method=java.lang.CharacterDataLatin1.digit(II)I @ 7 c2
Event: 379.567 Thread 0x00000262568ff000 Uncommon trap: reason=unstable_if action=reinterpret pc=0x0000026240abdae8 method=java.lang.CharacterDataLatin1.digit(II)I @ 7 c2
Event: 379.567 Thread 0x00000262575ad000 Uncommon trap: reason=unstable_if action=reinterpret pc=0x0000026240abdae8 method=java.lang.CharacterDataLatin1.digit(II)I @ 7 c2
Event: 379.567 Thread 0x0000026256375800 Uncommon trap: reason=class_check action=maybe_recompile pc=0x0000026240a67060 method=java.util.concurrent.ConcurrentHashMap.putVal(Ljava/lang/Object;Ljava/lang/Object;Z)Ljava/lang/Object; @ 159 c2
Event: 582.683 Thread 0x0000026257fbc800 Uncommon trap: reason=predicate action=maybe_recompile pc=0x0000026240a42df0 method=java.util.AbstractCollection.toArray([Ljava/lang/Object;)[Ljava/lang/Object; @ 43 c2
Event: 842.747 Thread 0x0000026257fbc800 Uncommon trap: reason=array_check action=maybe_recompile pc=0x00000262409ff058 method=java.util.AbstractCollection.toArray([Ljava/lang/Object;)[Ljava/lang/Object; @ 116 c2
Event: 842.747 Thread 0x0000026257fbc800 Uncommon trap: reason=array_check action=maybe_recompile pc=0x00000262409ff058 method=java.util.AbstractCollection.toArray([Ljava/lang/Object;)[Ljava/lang/Object; @ 116 c2
Event: 842.747 Thread 0x0000026257fbc800 Uncommon trap: reason=array_check action=maybe_recompile pc=0x00000262409ff058 method=java.util.AbstractCollection.toArray([Ljava/lang/Object;)[Ljava/lang/Object; @ 116 c2
Event: 852.748 Thread 0x0000026256fe8800 Uncommon trap: reason=array_check action=maybe_recompile pc=0x00000262409ff058 method=java.util.AbstractCollection.toArray([Ljava/lang/Object;)[Ljava/lang/Object; @ 116 c2
Event: 1924.399 Thread 0x00000262575aa800 Uncommon trap: reason=unstable_if action=reinterpret pc=0x00000262409f28c4 method=org.apache.tomcat.util.buf.MessageBytes.equalsIgnoreCase(Ljava/lang/String;)Z @ 4 c2

Classes redefined (0 events):
No events

Internal exceptions (10 events):
Event: 2.692 Thread 0x000002622f2bd800 Exception <a 'java/lang/NoSuchMethodError'{0x0000000743401260}: java.lang.invoke.DirectMethodHandle$Holder.invokeVirtual(Ljava/lang/Object;Ljava/lang/Object;I)V> (0x0000000743401260) thrown at [t:/workspace/open/src/hotspot/share/interpreter/linkResolver.
Event: 2.940 Thread 0x000002622f2bd800 Exception <a 'java/lang/NoSuchMethodError'{0x0000000747e60d80}: java.lang.invoke.DirectMethodHandle$Holder.invokeSpecial(Ljava/lang/Object;Ljava/lang/Object;)V> (0x0000000747e60d80) thrown at [t:/workspace/open/src/hotspot/share/interpreter/linkResolver.c
Event: 2.945 Thread 0x000002622f2bd800 Exception <a 'java/lang/NoSuchMethodError'{0x0000000747e663b0}: java.lang.invoke.DirectMethodHandle$Holder.newInvokeSpecial(Ljava/lang/Object;I)Ljava/lang/Object;> (0x0000000747e663b0) thrown at [t:/workspace/open/src/hotspot/share/interpreter/linkResolve
Event: 6.146 Thread 0x0000026256312800 Exception <a 'java/lang/NoSuchMethodError'{0x0000000747937620}: java.lang.invoke.DirectMethodHandle$Holder.invokeVirtual(Ljava/lang/Object;Ljava/lang/Object;Ljava/lang/Object;Ljava/lang/Object;)V> (0x0000000747937620) thrown at [t:/workspace/open/src/hots
Event: 6.481 Thread 0x0000026256375800 Exception <a 'java/io/IOException'{0x0000000746ce1280}> (0x0000000746ce1280) thrown at [t:/workspace/open/src/hotspot/share/prims/jni.cpp, line 615]
Event: 17.852 Thread 0x00000262575ad000 Exception <a 'java/lang/ClassNotFoundException'{0x00000007452948c8}: java/lang/ObjectCustomizer> (0x00000007452948c8) thrown at [t:/workspace/open/src/hotspot/share/classfile/systemDictionary.cpp, line 235]
Event: 17.853 Thread 0x00000262575ad000 Exception <a 'java/lang/ClassNotFoundException'{0x00000007452a05c0}: com/example/demo/ownerLoginCustomizer> (0x00000007452a05c0) thrown at [t:/workspace/open/src/hotspot/share/classfile/systemDictionary.cpp, line 235]
Event: 17.862 Thread 0x00000262575ad000 Exception <a 'java/lang/NoSuchMethodError'{0x00000007452dcc90}: java.lang.invoke.DirectMethodHandle$Holder.invokeStaticInit(Ljava/lang/Object;)V> (0x00000007452dcc90) thrown at [t:/workspace/open/src/hotspot/share/interpreter/linkResolver.cpp, line 777]
Event: 17.881 Thread 0x00000262575ad000 Exception <a 'java/lang/NoClassDefFoundError'{0x00000007450029a8}: oracle/security/pki/OraclePKIProvider> (0x00000007450029a8) thrown at [t:/workspace/open/src/hotspot/share/classfile/systemDictionary.cpp, line 224]
Event: 18.198 Thread 0x00000262575ad000 Exception <a 'sun/nio/fs/WindowsException'{0x000000074490e578}> (0x000000074490e578) thrown at [t:/workspace/open/src/hotspot/share/prims/jni.cpp, line 615]

Events (10 events):
Event: 1435.952 Thread 0x0000026252dbb800 flushing nmethod 0x0000026239db9f90
Event: 1435.952 Thread 0x0000026252dbb800 flushing nmethod 0x0000026239dc0410
Event: 1435.952 Thread 0x0000026252dbb800 flushing nmethod 0x0000026239dd0d10
Event: 1824.958 Executing VM operation: HandshakeAllThreads
Event: 1824.958 Executing VM operation: HandshakeAllThreads done
Event: 1924.399 Thread 0x00000262575aa800 Uncommon trap: trap_request=0xffffff4d fr.pc=0x00000262409f28c4 relative=0x0000000000000644
Event: 1924.399 Thread 0x00000262575aa800 DEOPT PACKING pc=0x00000262409f28c4 sp=0x000000da838fe540
Event: 1924.399 Thread 0x00000262575aa800 DEOPT UNPACKING pc=0x0000026238eb9c2f sp=0x000000da838fe500 mode 2
Event: 1928.283 Executing VM operation: RevokeBias
Event: 1928.283 Executing VM operation: RevokeBias done


Dynamic libraries:
0x00007ff7031a0000 - 0x00007ff7031af000 	C:\Program Files\Java\jdk-12.0.2\bin\javaw.exe
0x00007ffe1e4f0000 - 0x00007ffe1e6dd000 	C:\Windows\SYSTEM32\ntdll.dll
0x00007ffe1c180000 - 0x00007ffe1c233000 	C:\Windows\System32\KERNEL32.DLL
0x00007ffe1b250000 - 0x00007ffe1b4e3000 	C:\Windows\System32\KERNELBASE.dll
0x00007ffe1a5b0000 - 0x00007ffe1a6aa000 	C:\Windows\System32\ucrtbase.dll
0x00007ffe06d90000 - 0x00007ffe06da6000 	C:\Program Files\Java\jdk-12.0.2\bin\VCRUNTIME140.dll
0x00007ffde9c50000 - 0x00007ffde9c68000 	C:\Program Files\Java\jdk-12.0.2\bin\jli.dll
0x00007ffe1d980000 - 0x00007ffe1da23000 	C:\Windows\System32\ADVAPI32.dll
0x00007ffe1e3c0000 - 0x00007ffe1e45e000 	C:\Windows\System32\msvcrt.dll
0x00007ffe1df50000 - 0x00007ffe1dfee000 	C:\Windows\System32\sechost.dll
0x00007ffe1dcf0000 - 0x00007ffe1de12000 	C:\Windows\System32\RPCRT4.dll
0x00007ffe1e110000 - 0x00007ffe1e2a7000 	C:\Windows\System32\USER32.dll
0x00007ffe0b980000 - 0x00007ffe0bbf9000 	C:\Windows\WinSxS\amd64_microsoft.windows.common-controls_6595b64144ccf1df_6.0.17763.802_none_05b1445c0722d2cc\COMCTL32.dll
0x00007ffe1b000000 - 0x00007ffe1b020000 	C:\Windows\System32\win32u.dll
0x00007ffe1bc20000 - 0x00007ffe1bf4c000 	C:\Windows\System32\combase.dll
0x00007ffe1e070000 - 0x00007ffe1e099000 	C:\Windows\System32\GDI32.dll
0x00007ffe1b520000 - 0x00007ffe1b59e000 	C:\Windows\System32\bcryptPrimitives.dll
0x00007ffe1ae60000 - 0x00007ffe1aff9000 	C:\Windows\System32\gdi32full.dll
0x00007ffe1b650000 - 0x00007ffe1b6f0000 	C:\Windows\System32\msvcp_win.dll
0x00007ffe129a0000 - 0x00007ffe129aa000 	C:\Windows\SYSTEM32\VERSION.dll
0x00007ffe1bb90000 - 0x00007ffe1bbbe000 	C:\Windows\System32\IMM32.DLL
0x00007ffdcfa70000 - 0x00007ffdcfb1a000 	C:\Program Files\Java\jdk-12.0.2\bin\msvcp140.dll
0x00007ffdce290000 - 0x00007ffdcee07000 	C:\Program Files\Java\jdk-12.0.2\bin\server\jvm.dll
0x00007ffe1c170000 - 0x00007ffe1c178000 	C:\Windows\System32\PSAPI.DLL
0x00007ffdfca40000 - 0x00007ffdfca49000 	C:\Windows\SYSTEM32\WSOCK32.dll
0x00007ffe18400000 - 0x00007ffe18424000 	C:\Windows\SYSTEM32\WINMM.dll
0x00007ffe1c240000 - 0x00007ffe1c2ad000 	C:\Windows\System32\WS2_32.dll
0x00007ffe182b0000 - 0x00007ffe182dd000 	C:\Windows\SYSTEM32\winmmbase.dll
0x00007ffe1b200000 - 0x00007ffe1b24a000 	C:\Windows\System32\cfgmgr32.dll
0x00007ffe1a510000 - 0x00007ffe1a521000 	C:\Windows\System32\kernel.appcore.dll
0x00007ffe07a90000 - 0x00007ffe07aa1000 	C:\Program Files\Java\jdk-12.0.2\bin\verify.dll
0x00007ffe18f60000 - 0x00007ffe1914d000 	C:\Windows\SYSTEM32\DBGHELP.DLL
0x00007ffe01990000 - 0x00007ffe019ba000 	C:\Windows\SYSTEM32\dbgcore.DLL
0x00007ffe016e0000 - 0x00007ffe01706000 	C:\Program Files\Java\jdk-12.0.2\bin\java.dll
0x00007ffe001a0000 - 0x00007ffe001b7000 	C:\Program Files\Java\jdk-12.0.2\bin\zip.dll
0x00007ffe12930000 - 0x00007ffe1293a000 	C:\Program Files\Java\jdk-12.0.2\bin\jimage.dll
0x00007ffe1c480000 - 0x00007ffe1d974000 	C:\Windows\System32\SHELL32.dll
0x00007ffe1e310000 - 0x00007ffe1e3b8000 	C:\Windows\System32\shcore.dll
0x00007ffe1a710000 - 0x00007ffe1ae5d000 	C:\Windows\System32\windows.storage.dll
0x00007ffe1a4e0000 - 0x00007ffe1a504000 	C:\Windows\System32\profapi.dll
0x00007ffe1a530000 - 0x00007ffe1a58d000 	C:\Windows\System32\powrprof.dll
0x00007ffe1e460000 - 0x00007ffe1e4b2000 	C:\Windows\System32\shlwapi.dll
0x00007ffe1b6f0000 - 0x00007ffe1b707000 	C:\Windows\System32\cryptsp.dll
0x00007ffdf1d40000 - 0x00007ffdf1d59000 	C:\Program Files\Java\jdk-12.0.2\bin\net.dll
0x00007ffe11e50000 - 0x00007ffe11f42000 	C:\Windows\SYSTEM32\WINHTTP.dll
0x00007ffe0cc80000 - 0x00007ffe0ce57000 	C:\Windows\SYSTEM32\urlmon.dll
0x00007ffe0b240000 - 0x00007ffe0b4e8000 	C:\Windows\SYSTEM32\iertutil.dll
0x00007ffe19ec0000 - 0x00007ffe19ecc000 	C:\Windows\SYSTEM32\CRYPTBASE.DLL
0x00007ffe19cf0000 - 0x00007ffe19d57000 	C:\Windows\system32\mswsock.dll
0x00007ffdf1b20000 - 0x00007ffdf1b33000 	C:\Program Files\Java\jdk-12.0.2\bin\nio.dll
0x00007ffe05fa0000 - 0x00007ffe05fa9000 	C:\Program Files\Java\jdk-12.0.2\bin\management.dll
0x00007ffe02f80000 - 0x00007ffe02f8c000 	C:\Program Files\Java\jdk-12.0.2\bin\management_ext.dll
0x00007ffe01b50000 - 0x00007ffe01b66000 	C:\Windows\system32\napinsp.dll
0x00007ffdfa940000 - 0x00007ffdfa95a000 	C:\Windows\system32\pnrpnsp.dll
0x00007ffe19a50000 - 0x00007ffe19b16000 	C:\Windows\SYSTEM32\DNSAPI.dll
0x00007ffe1e100000 - 0x00007ffe1e108000 	C:\Windows\System32\NSI.dll
0x00007ffe19a10000 - 0x00007ffe19a4d000 	C:\Windows\SYSTEM32\IPHLPAPI.DLL
0x00007ffdfc960000 - 0x00007ffdfc96e000 	C:\Windows\System32\winrnr.dll
0x00007ffe169e0000 - 0x00007ffe169fb000 	C:\Windows\system32\NLAapi.dll
0x00007ffdf30e0000 - 0x00007ffdf30f5000 	C:\Windows\system32\wshbth.dll
0x00007ffe0ce90000 - 0x00007ffe0ce9a000 	C:\Windows\System32\rasadhlp.dll
0x00007ffe0de80000 - 0x00007ffe0def9000 	C:\Windows\System32\fwpuclnt.dll
0x00007ffe1b4f0000 - 0x00007ffe1b516000 	C:\Windows\System32\bcrypt.dll
0x00007ffe19870000 - 0x00007ffe198a3000 	C:\Windows\system32\rsaenh.dll
0x00007ffe1a410000 - 0x00007ffe1a438000 	C:\Windows\SYSTEM32\USERENV.dll
0x00007ffe129f0000 - 0x00007ffe12a06000 	C:\Windows\SYSTEM32\dhcpcsvc6.DLL
0x00007ffe129b0000 - 0x00007ffe129cc000 	C:\Windows\SYSTEM32\dhcpcsvc.DLL
0x00007ffe01320000 - 0x00007ffe0132e000 	C:\Program Files\Java\jdk-12.0.2\bin\sunmscapi.dll
0x00007ffe1b020000 - 0x00007ffe1b1fb000 	C:\Windows\System32\CRYPT32.dll
0x00007ffe1a590000 - 0x00007ffe1a5a2000 	C:\Windows\System32\MSASN1.dll
0x00007ffe19fc0000 - 0x00007ffe19fe6000 	C:\Windows\SYSTEM32\ncrypt.dll
0x00007ffe19f80000 - 0x00007ffe19fbc000 	C:\Windows\SYSTEM32\NTASN1.dll
0x00007ffdd9660000 - 0x00007ffdd9687000 	C:\Program Files\Java\jdk-12.0.2\bin\sunec.dll

dbghelp: loaded successfully - version: 4.0.5 - missing functions: none
symbol engine: initialized successfully - sym options: 0x614 - pdb path: .;C:\Program Files\Java\jdk-12.0.2\bin;C:\Windows\SYSTEM32;C:\Windows\WinSxS\amd64_microsoft.windows.common-controls_6595b64144ccf1df_6.0.17763.802_none_05b1445c0722d2cc;C:\Program Files\Java\jdk-12.0.2\bin\server

VM Arguments:
jvm_args: -Dfile.encoding=UTF-8 
java_command: com.example.demo.ImsApplication
java_class_path (initial): E:\DBMS4 PROJECT\InventoryManagement-master\Inventory Management System\IMS\target\classes;C:\Users\sharo\Downloads\ojdbc8.jar;C:\Users\sharo\.m2\repository\org\springframework\boot\spring-boot-starter-web\2.1.7.RELEASE\spring-boot-starter-web-2.1.7.RELEASE.jar;C:\Users\sharo\.m2\repository\org\springframework\boot\spring-boot-starter\2.1.7.RELEASE\spring-boot-starter-2.1.7.RELEASE.jar;C:\Users\sharo\.m2\repository\org\springframework\boot\spring-boot\2.1.7.RELEASE\spring-boot-2.1.7.RELEASE.jar;C:\Users\sharo\.m2\repository\org\springframework\boot\spring-boot-autoconfigure\2.1.7.RELEASE\spring-boot-autoconfigure-2.1.7.RELEASE.jar;C:\Users\sharo\.m2\repository\org\springframework\boot\spring-boot-starter-logging\2.1.7.RELEASE\spring-boot-starter-logging-2.1.7.RELEASE.jar;C:\Users\sharo\.m2\repository\ch\qos\logback\logback-classic\1.2.3\logback-classic-1.2.3.jar;C:\Users\sharo\.m2\repository\ch\qos\logback\logback-core\1.2.3\logback-core-1.2.3.jar;C:\Users\sharo\.m2\repository\org\apache\logging\log4j\log4j-to-slf4j\2.11.2\log4j-to-slf4j-2.11.2.jar;C:\Users\sharo\.m2\repository\org\apache\logging\log4j\log4j-api\2.11.2\log4j-api-2.11.2.jar;C:\Users\sharo\.m2\repository\org\slf4j\jul-to-slf4j\1.7.26\jul-to-slf4j-1.7.26.jar;C:\Users\sharo\.m2\repository\javax\annotation\javax.annotation-api\1.3.2\javax.annotation-api-1.3.2.jar;C:\Users\sharo\.m2\repository\org\yaml\snakeyaml\1.23\snakeyaml-1.23.jar;C:\Users\sharo\.m2\repository\org\springframework\boot\spring-boot-starter-json\2.1.7.RELEASE\spring-boot-starter-json-2.1.7.RELEASE.jar;C:\Users\sharo\.m2\repository\com\fasterxml\jackson\core\jackson-databind\2.9.9\jackson-databind-2.9.9.jar;C:\Users\sharo\.m2\repository\com\fasterxml\jackson\core\jackson-annotations\2.9.0\jackson-annotations-2.9.0.jar;C:\Users\sharo\.m2\repository\com\fasterxml\jackson\core\jackson-core\2.9.9\jackson-core-2.9.9.jar;C:\Users\sharo\.m2\repository\com\fasterxml\jackson\datatype\jackson-datatype-jdk8\2.9.9\jackso
Launcher Type: SUN_STANDARD

[Global flags]
     intx CICompilerCount                          = 4                                         {product} {ergonomic}
     uint ConcGCThreads                            = 2                                         {product} {ergonomic}
     uint G1ConcRefinementThreads                  = 8                                         {product} {ergonomic}
   size_t G1HeapRegionSize                         = 1048576                                   {product} {ergonomic}
    uintx GCDrainStackTargetSize                   = 64                                        {product} {ergonomic}
   size_t InitialHeapSize                          = 201326592                                 {product} {ergonomic}
   size_t MarkStackSize                            = 4194304                                   {product} {ergonomic}
   size_t MaxHeapSize                              = 3189768192                                {product} {ergonomic}
   size_t MaxNewSize                               = 1913651200                                {product} {ergonomic}
   size_t MinHeapDeltaBytes                        = 1048576                                   {product} {ergonomic}
    uintx NonNMethodCodeHeapSize                   = 5836300                                {pd product} {ergonomic}
    uintx NonProfiledCodeHeapSize                  = 122910970                              {pd product} {ergonomic}
    uintx ProfiledCodeHeapSize                     = 122910970                              {pd product} {ergonomic}
    uintx ReservedCodeCacheSize                    = 251658240                              {pd product} {ergonomic}
     bool SegmentedCodeCache                       = true                                      {product} {ergonomic}
     bool UseCompressedClassPointers               = true                                 {lp64_product} {ergonomic}
     bool UseCompressedOops                        = true                                 {lp64_product} {ergonomic}
     bool UseG1GC                                  = true                                      {product} {ergonomic}
     bool UseLargePagesIndividualAllocation        = false                                  {pd product} {ergonomic}

Logging:
Log output configuration:
 #0: stdout all=warning uptime,level,tags
 #1: stderr all=off uptime,level,tags

Environment Variables:
JAVA_HOME=C:\Program Files\Java\jdk-12.0.2
JRE_HOME=C:\Program Files\Java\jdk-12.0.2
PATH=C:/Program Files/Java/jdk-12.0.2/bin/server;C:/Program Files/Java/jdk-12.0.2/bin;E:\oracle18cEntrpriseInstall\bin;E:\ORACLINSTALL\bin;E:\app\sharo\product\18.0.0\dbhomeXE\bin;C:\Users\sharo\Downloads\db_home\bin;C:\Windows\system32;C:\Windows;C:\Windows\System32\Wbem;C:\Windows\System32\WindowsPowerShell\v1.0\;C:\Windows\System32\OpenSSH\;C:\Program Files\Git\cmd;C:\Program Files\nodejs\;C:\Program Files\Dart\dart-sdk\bin;C:\Program Files (x86)\NVIDIA Corporation\PhysX\Common;C:\Program Files\NVIDIA Corporation\NVIDIA NvDLISR;C:\Program Files\Java\jdk-12.0.2\bin;C:\ProgramData\chocolatey\bin;C:\ProgramData\chocolatey\lib\maven\apache-maven-3.6.1\bin;C:\spring\bin;C:\Users\sharo\AppData\Local\Programs\Python\Python37-32\Scripts\;C:\Users\sharo\AppData\Local\Programs\Python\Python37-32\;C:\Users\sharo\AppData\Local\Microsoft\WindowsApps;C:\Users\sharo\AppData\Local\Programs\Microsoft VS Code\bin;C:\Users\sharo\AppData\Roaming\npm;C:\Modeltech_pe_edu_10.4a\win32pe_edu;C:\Program Files\Java\jdk-12.0.2\bin;;E:\sts-bundle\sts-3.9.9.RELEASE;
USERNAME=sharo
OS=Windows_NT
PROCESSOR_IDENTIFIER=Intel64 Family 6 Model 158 Stepping 9, GenuineIntel



---------------  S Y S T E M  ---------------

OS: Windows 10 , 64 bit Build 17763 (10.0.17763.475)

CPU:total 8 (initial active 8) (4 cores per cpu, 2 threads per core) family 6 model 158 stepping 9, cmov, cx8, fxsr, mmx, sse, sse2, sse3, ssse3, sse4.1, sse4.2, popcnt, avx, avx2, aes, clmul, erms, 3dnowpref, lzcnt, ht, tsc, tscinvbit, bmi1, bmi2, adx, fma

Memory: 4k page, system-wide physical 12163M (306M free)
TotalPageFile size 38038M (AvailPageFile size 0M)
current process WorkingSet (physical memory assigned to process): 74M, peak: 217M
current process commit charge ("private bytes"): 214M, peak: 345M

vm_info: Java HotSpot(TM) 64-Bit Server VM (12.0.2+10) for windows-amd64 JRE (12.0.2+10), built on Jul 16 2019 01:56:17 by "mach5one" with MS VC++ 15.5 (VS2017)

END.
